<?xml version="1.0" encoding="UTF-8"?>
<testng-results ignored="0" total="0" passed="0" failed="0" skipped="0">
  <reporter-output>
  </reporter-output>
  <suite started-at="2023-10-16T10:22:37 IST" name="Suite" finished-at="2023-10-16T10:22:38 IST" duration-ms="1045">
    <groups>
      <group name="cucumber">
        <method signature="AbstractTestNGCucumberTests.runScenario(io.cucumber.testng.PickleWrapper,io.cucumber.testng.FeatureWrapper)[pri:0, instance:tests.ReRun@49438269]" name="runScenario" class="io.cucumber.testng.AbstractTestNGCucumberTests"/>
      </group> <!-- cucumber -->
    </groups>
    <test started-at="2023-10-16T10:22:37 IST" name="Test" finished-at="2023-10-16T10:22:38 IST" duration-ms="1045">
      <class name="tests.ReRun">
        <test-method is-config="true" signature="setUpClass(org.testng.ITestContext)[pri:0, instance:tests.ReRun@49438269]" started-at="2023-10-16T10:22:37 IST" name="setUpClass" finished-at="2023-10-16T10:22:37 IST" duration-ms="662" status="PASS">
          <params>
            <param index="0">
              <value>
                <![CDATA[org.testng.TestRunner@388b401d]]>
              </value>
            </param>
          </params>
          <reporter-output>
          </reporter-output>
        </test-method> <!-- setUpClass -->
        <test-method is-config="true" signature="tearDownClass()[pri:0, instance:tests.ReRun@49438269]" started-at="2023-10-16T10:22:37 IST" name="tearDownClass" finished-at="2023-10-16T10:22:38 IST" duration-ms="351" status="PASS">
          <reporter-output>
          </reporter-output>
        </test-method> <!-- tearDownClass -->
      </class> <!-- tests.ReRun -->
    </test> <!-- Test -->
  </suite> <!-- Suite -->
</testng-results>
