<?xml version="1.0" encoding="UTF-8"?>
<testsuite xmlns:xsi="http://www.w3.org/2001/XMLSchema-instance" xsi:noNamespaceSchemaLocation="https://maven.apache.org/surefire/maven-surefire-plugin/xsd/surefire-test-report-3.0.xsd" version="3.0" name="TestSuite" time="78.362" tests="10" errors="0" skipped="0" failures="1">
  <properties>
[...]
</properties>
  <testcase name="runScenario[&quot;Verify selenium easy radio buttons page features&quot;, &quot;Verify selenium easy radio buttons page features&quot;](1)" classname="tests.FrameworkTestRunner" time="35.964">
    <system-out><![CDATA[
@Test
Scenario: Verify selenium easy input form submit page features CSV file # src/test/resources/Features/SeleniumEasyInputFormSubmit.feature:22

@Test
Scenario Outline: Verify selenium easy radio buttons page features # src/test/resources/Features/SeleniumEasyRadioButtons.feature:15

@Test
Scenario: Verify selenium easy input form submitPage features property file # src/test/resources/Features/SeleniumEasyInputFormSubmit.feature:4

@Test
Scenario Outline: Verify error message in selenium easy input form submit page features cucumber data table # src/test/resources/Features/SeleniumEasyInputFormSubmit.feature:58

@Test
Scenario: Verify selenium easy input form submit page features cucumber data table # src/test/resources/Features/SeleniumEasyInputFormSubmit.feature:40
[SeleniumEasy][03:19:00][INFO][HooksUtils:beforeSetup]Running before hooks to setup browser
[SeleniumEasy][03:19:00][INFO][HooksUtils:beforeSetup]Running before hooks to setup browser
[SeleniumEasy][03:19:00][INFO][HooksUtils:beforeSetup]Running before hooks to setup browser
[SeleniumEasy][03:19:00][INFO][HooksUtils:beforeSetup]Running before hooks to setup browser
[SeleniumEasy][03:19:00][INFO][HooksUtils:beforeSetup]Running before hooks to setup browser
Test runing in EdgeDriver
Test runing in EdgeDriver
Test runing in EdgeDriver
Test runing in EdgeDriver
Test runing in EdgeDriver
  Given I navigate to the "http://demo.seleniumeasy.com/" page          # steps.NavigationSteps.iNavigateToThePage(java.lang.String)
  Given I navigate to the "http://demo.seleniumeasy.com/" page              # steps.NavigationSteps.iNavigateToThePage(java.lang.String)
  And user is on selenium easy homePage verifying page title            # steps.SeleniumEasyHomePageSteps.user_is_on_selenium_easy_home_page_verifying_page_title()
  And user is on selenium easy homePage verifying page title                # steps.SeleniumEasyHomePageSteps.user_is_on_selenium_easy_home_page_verifying_page_title()
  Given I navigate to the "http://demo.seleniumeasy.com/" page                     # steps.NavigationSteps.iNavigateToThePage(java.lang.String)
  And user is on selenium easy homePage verifying page title                       # steps.SeleniumEasyHomePageSteps.user_is_on_selenium_easy_home_page_verifying_page_title()
  Given I navigate to the "http://demo.seleniumeasy.com/" page                                              # steps.NavigationSteps.iNavigateToThePage(java.lang.String)
  And user is on selenium easy homePage verifying page title                                                # steps.SeleniumEasyHomePageSteps.user_is_on_selenium_easy_home_page_verifying_page_title()
  Given I navigate to the "http://demo.seleniumeasy.com/" page     # steps.NavigationSteps.iNavigateToThePage(java.lang.String)
  Given user is on selenium easy homePage verifying page title     # steps.SeleniumEasyHomePageSteps.user_is_on_selenium_easy_home_page_verifying_page_title()
  When user navigate to radio buttons page                         # steps.SeleniumEasyHomePageSteps.user_navigate_to_radio_buttons_page()
  And user verifys radio buttons page title                        # steps.SeleniumEasyInputRadioButtonsSteps.user_verifys_radio_buttons_page_title()
  And user navigate to input form submit page                                      # steps.SeleniumEasyHomePageSteps.user_navigate_to_input_form_submit_page()
  And user navigate to input form submit page                                                               # steps.SeleniumEasyHomePageSteps.user_navigate_to_input_form_submit_page()
  And user navigate to input form submit page                           # steps.SeleniumEasyHomePageSteps.user_navigate_to_input_form_submit_page()
  And user navigate to input form submit page                               # steps.SeleniumEasyHomePageSteps.user_navigate_to_input_form_submit_page()
  And user verifys input form submit page title                         # steps.SeleniumEasyInputFormSubmitSteps.user_verifys_input_form_submit_page_title()
  And user verifys input form submit page title                             # steps.SeleniumEasyInputFormSubmitSteps.user_verifys_input_form_submit_page_title()
  And user verifys input form submit page title                                                             # steps.SeleniumEasyInputFormSubmitSteps.user_verifys_input_form_submit_page_title()
  And user verifys input form submit page title                                    # steps.SeleniumEasyInputFormSubmitSteps.user_verifys_input_form_submit_page_title()
  Then user clicks "0 - 5" and "Male" in radio buttons page        # steps.SeleniumEasyInputRadioButtonsSteps.user_clicks_ageGroup_and_sex_in_radio_buttons_page(java.lang.String,java.lang.String)
  And user clicks on get value button                              # steps.SeleniumEasyInputRadioButtonsSteps.user_clicks_on_get_value_button()
  And user verifys "Sex : Male" and "Age group: 0 - 5"             # steps.SeleniumEasyInputRadioButtonsSteps.user_verifys_generated_value(java.lang.String,java.lang.String)
[SeleniumEasy][03:19:30][INFO][HooksUtils:quitApp]Running after hooks to close browser
]]></system-out>
    <system-err><![CDATA[SLF4J: Failed to load class "org.slf4j.impl.StaticLoggerBinder".
SLF4J: Defaulting to no-operation (NOP) logger implementation
SLF4J: See http://www.slf4j.org/codes.html#StaticLoggerBinder for further details.
Aug 26, 2023 3:19:07 PM org.openqa.selenium.devtools.CdpVersionFinder findNearestMatch
WARNING: Unable to find an exact match for CDP version 116, so returning the closest version found: 115
Aug 26, 2023 3:19:08 PM org.openqa.selenium.devtools.CdpVersionFinder findNearestMatch
WARNING: Unable to find an exact match for CDP version 116, so returning the closest version found: 115
Aug 26, 2023 3:19:10 PM org.openqa.selenium.devtools.CdpVersionFinder findNearestMatch
WARNING: Unable to find an exact match for CDP version 116, so returning the closest version found: 115
Aug 26, 2023 3:19:10 PM org.openqa.selenium.devtools.CdpVersionFinder findNearestMatch
WARNING: Unable to find an exact match for CDP version 116, so returning the closest version found: 115
Aug 26, 2023 3:19:11 PM org.openqa.selenium.devtools.CdpVersionFinder findNearestMatch
WARNING: Unable to find an exact match for CDP version 116, so returning the closest version found: 115
]]></system-err>
  </testcase>
  <testcase name="runScenario[&quot;Verify error message in selenium easy input form submit page features cucumber data table&quot;, &quot;Verify selenium easy InputFormSubmitPage features&quot;](2)" classname="tests.FrameworkTestRunner" time="5.158">
    <system-out><![CDATA[
@Test
Scenario: Verify selenium easy range slider page features      # src/test/resources/Features/SeleniumEasyRangeSliderPage.feature:4
[SeleniumEasy][03:19:36][INFO][HooksUtils:beforeSetup]Running before hooks to setup browser
  When user fills input text box from CSV files                         # steps.SeleniumEasyInputFormSubmitSteps.user_fills_input_text_box_from_csv_files(io.cucumber.datatable.DataTable)
    | fieldName  | inputValueCSV |
    | First Name | FirstName     |
    | Last Name  | LastName      |
    | E-Mail     | EMail         |
    | Phone #    | Phone         |
    | Address    | Address       |
    | City       | City          |
    | Zip Code   | ZipCode       |
  When user fills input text box from property file                         # steps.SeleniumEasyInputFormSubmitSteps.user_fills_input_text_box_from_property_file(io.cucumber.datatable.DataTable)
    | fieldName  | inputValue |
    | First Name | FirstName  |
    | Last Name  | LastName   |
    | E-Mail     | EMail      |
    | Phone #    | Phone      |
    | Address    | Address    |
    | City       | City       |
    | Zip Code   | ZipCode    |
  And user clicks send button                                           # steps.SeleniumEasyInputFormSubmitSteps.user_clicks_send_button()
  When user fills input in text box                                                                         # steps.SeleniumEasyInputFormSubmitSteps.user_fills_input(io.cucumber.datatable.DataTable)
    | fieldName  | inputValue |
    | First Name | M          |
    | Phone #    | 0987654321 |
    | Address    | Street24   |
    | City       | G-City     |
    | Zip Code   | 00000      |
  And user clicks send button                                               # steps.SeleniumEasyInputFormSubmitSteps.user_clicks_send_button()
  And user clicks send button                                                                               # steps.SeleniumEasyInputFormSubmitSteps.user_clicks_send_button()
  When user fills input in text box                                                # steps.SeleniumEasyInputFormSubmitSteps.user_fills_input(io.cucumber.datatable.DataTable)
    | fieldName  | inputValue       |
    | First Name | Muhammad         |
    | Last Name  | Ali              |
    | E-Mail     | Muhammad@abc.com |
    | Phone #    | 0987654321       |
    | Address    | Street24         |
    | City       | G-City           |
    | Zip Code   | 00000            |
  Then user verifys if error message is visible                                                             # steps.SeleniumEasyInputFormSubmitSteps.user_verifys_if_error_message_is_visible_for_firstname_and_email_input(io.cucumber.datatable.DataTable)
    | ErrorMessage                        |
    | Please enter more than 2 characters |
    | Please supply your last name        |
    | Please supply your email address    |
[SeleniumEasy][03:19:39][INFO][HooksUtils:quitApp]Running after hooks to close browser
  And user clicks send button                                                      # steps.SeleniumEasyInputFormSubmitSteps.user_clicks_send_button()
]]></system-out>
  </testcase>
  <testcase name="runScenario[&quot;Verify selenium easy input form submit page features cucumber data table&quot;, &quot;Verify selenium easy InputFormSubmitPage features&quot;](3)" classname="tests.FrameworkTestRunner" time="10.703">
    <system-out><![CDATA[
@Test
Scenario: Verify single input fild in selenium easy simple form demo page features # src/test/resources/Features/SeleniumEasySimpleFormDemoPage.feature:4
[SeleniumEasy][03:19:41][INFO][HooksUtils:beforeSetup]Running before hooks to setup browser
Test runing in EdgeDriver
  Then user verifys if input box are filled                             # steps.SeleniumEasyInputFormSubmitSteps.user_verifys_if_input_box_are_filled()
[SeleniumEasy][03:19:49][INFO][HooksUtils:quitApp]Running after hooks to close browser
  Then user verifys if input box are filled                                 # steps.SeleniumEasyInputFormSubmitSteps.user_verifys_if_input_box_are_filled()
[SeleniumEasy][03:19:49][INFO][HooksUtils:quitApp]Running after hooks to close browser
  Then user verifys if input box are filled                                        # steps.SeleniumEasyInputFormSubmitSteps.user_verifys_if_input_box_are_filled()
[SeleniumEasy][03:19:49][INFO][HooksUtils:quitApp]Running after hooks to close browser
Test runing in EdgeDriver
]]></system-out>
    <system-err><![CDATA[Aug 26, 2023 3:19:44 PM org.openqa.selenium.devtools.CdpVersionFinder findNearestMatch
WARNING: Unable to find an exact match for CDP version 116, so returning the closest version found: 115
Aug 26, 2023 3:19:50 PM org.openqa.selenium.devtools.CdpVersionFinder findNearestMatch
WARNING: Unable to find an exact match for CDP version 116, so returning the closest version found: 115
]]></system-err>
  </testcase>
  <testcase name="runScenario[&quot;Verify selenium easy input form submitPage features property file&quot;, &quot;Verify selenium easy InputFormSubmitPage features&quot;](4)" classname="tests.FrameworkTestRunner" time="0.596">
    <system-out><![CDATA[
@Test
Scenario Outline: Verify two input fild in selenium easy simple form demo page features # src/test/resources/Features/SeleniumEasySimpleFormDemoPage.feature:25
[SeleniumEasy][03:19:52][INFO][HooksUtils:beforeSetup]Running before hooks to setup browser
]]></system-out>
  </testcase>
  <testcase name="runScenario[&quot;Verify selenium easy input form submit page features CSV file&quot;, &quot;Verify selenium easy InputFormSubmitPage features&quot;](5)" classname="tests.FrameworkTestRunner" time="0.112">
    <system-out><![CDATA[
@Test
Scenario Outline: Verify two input fild in selenium easy simple form demo page features # src/test/resources/Features/SeleniumEasySimpleFormDemoPage.feature:26
[SeleniumEasy][03:19:53][INFO][HooksUtils:beforeSetup]Running before hooks to setup browser
]]></system-out>
  </testcase>
  <testcase name="runScenario[&quot;Verify single input fild in selenium easy simple form demo page features&quot;, &quot;Verify selenium easy simple form demo page features&quot;](6)" classname="tests.FrameworkTestRunner" time="10.313">
    <system-out><![CDATA[  Given I navigate to the "http://demo.seleniumeasy.com/" page # steps.NavigationSteps.iNavigateToThePage(java.lang.String)
  Given user is on selenium easy homePage verifying page title # steps.SeleniumEasyHomePageSteps.user_is_on_selenium_easy_home_page_verifying_page_title()
Test runing in EdgeDriver
  Given I navigate to the "http://demo.seleniumeasy.com/" page                     # steps.NavigationSteps.iNavigateToThePage(java.lang.String)
  Given user is on selenium easy homePage verifying page title                     # steps.SeleniumEasyHomePageSteps.user_is_on_selenium_easy_home_page_verifying_page_title()
  And user navigate to range slider page                       # steps.SeleniumEasyHomePageSteps.user_navigate_to_range_sliderPage()
  Then user verifys range slider page title                    # steps.SeleniumEasyRangeSliderSteps.user_verifys_range_slider_page_title()
  When user navigate to Simple Form Demo page                                      # steps.SeleniumEasyHomePageSteps.user_navigate_to_Simple_Form_Demo_page()
  And user verifys simple form demo page title                                     # steps.SeleniumEasySimpleFormDemoSteps.user_verifys_simple_form_demo_page_title()
  And user drages slider from position 0 to 50                 # steps.SeleniumEasyRangeSliderSteps.user_drages_slider_from_position(java.lang.Integer,java.lang.Integer)
  Then user verifys range slider position "50"                 # steps.SeleniumEasyRangeSliderSteps.user_verifys_range_slider_position(java.lang.String)
[SeleniumEasy][03:20:00][INFO][HooksUtils:quitApp]Running after hooks to close browser
  Then user enters "TCS" in single input field text box                            # steps.SeleniumEasySimpleFormDemoSteps.user_enters_in_single_input_field_text_box(java.lang.String)
Test runing in EdgeDriver
  And user clicks on single input field show message button                        # steps.SeleniumEasySimpleFormDemoSteps.user_clicks_on_single_input_field_show_message_button()
  And user verifys single input field sucess message is equal to "TCS"             # steps.SeleniumEasySimpleFormDemoSteps.user_verifys_single_input_field_sucess_message_is_equal_to(java.lang.String)
[SeleniumEasy][03:20:01][INFO][HooksUtils:quitApp]Running after hooks to close browser
]]></system-out>
    <system-err><![CDATA[Aug 26, 2023 3:19:57 PM org.openqa.selenium.devtools.CdpVersionFinder findNearestMatch
WARNING: Unable to find an exact match for CDP version 116, so returning the closest version found: 115
Aug 26, 2023 3:20:00 PM org.openqa.selenium.devtools.CdpVersionFinder findNearestMatch
WARNING: Unable to find an exact match for CDP version 116, so returning the closest version found: 115
]]></system-err>
  </testcase>
  <testcase name="runScenario[&quot;Verify selenium easy range slider page features&quot;, &quot;Verify selenium easy range slider page features&quot;](7)" classname="tests.FrameworkTestRunner" time="10.705">
    <system-out><![CDATA[  Given I navigate to the "http://demo.seleniumeasy.com/" page                          # steps.NavigationSteps.iNavigateToThePage(java.lang.String)
  Given user is on selenium easy homePage verifying page title                          # steps.SeleniumEasyHomePageSteps.user_is_on_selenium_easy_home_page_verifying_page_title()
]]></system-out>
  </testcase>
  <testcase name="runScenario[&quot;Verify two input fild in selenium easy simple form demo page features&quot;, &quot;Verify selenium easy simple form demo page features&quot;](8)" classname="tests.FrameworkTestRunner" time="12.976">
    <system-out><![CDATA[  When user navigate to Simple Form Demo page                                           # steps.SeleniumEasyHomePageSteps.user_navigate_to_Simple_Form_Demo_page()
  And user verifys simple form demo page title                                          # steps.SeleniumEasySimpleFormDemoSteps.user_verifys_simple_form_demo_page_title()
  Then user enters 10 and 15 in two input field text box                                # steps.SeleniumEasySimpleFormDemoSteps.user_enters_and_in_two_input_field_text_box(int,int)
  And user clicks on two input field get total button                                   # steps.SeleniumEasySimpleFormDemoSteps.user_clicks_on_get_total_button()
  And user verifys two input field total message is equal to "25"                       # steps.SeleniumEasySimpleFormDemoSteps.user_verifys_two_input_field_total_message_is_equal_to(java.lang.String)
[SeleniumEasy][03:20:05][INFO][HooksUtils:quitApp]Running after hooks to close browser
]]></system-out>
  </testcase>
  <testcase name="runScenario[&quot;Verify two input fild in selenium easy simple form demo page features&quot;, &quot;Verify selenium easy simple form demo page features&quot;](9)" classname="tests.FrameworkTestRunner" time="17.934">
    <system-out><![CDATA[  Given I navigate to the "http://demo.seleniumeasy.com/" page                          # steps.NavigationSteps.iNavigateToThePage(java.lang.String)
  Given user is on selenium easy homePage verifying page title                          # steps.SeleniumEasyHomePageSteps.user_is_on_selenium_easy_home_page_verifying_page_title()
  When user navigate to Simple Form Demo page                                           # steps.SeleniumEasyHomePageSteps.user_navigate_to_Simple_Form_Demo_page()
  And user verifys simple form demo page title                                          # steps.SeleniumEasySimpleFormDemoSteps.user_verifys_simple_form_demo_page_title()
  Then user enters 5845 and 3783 in two input field text box                            # steps.SeleniumEasySimpleFormDemoSteps.user_enters_and_in_two_input_field_text_box(int,int)
  And user clicks on two input field get total button                                   # steps.SeleniumEasySimpleFormDemoSteps.user_clicks_on_get_total_button()
  And user verifys two input field total message is equal to "9628"                     # steps.SeleniumEasySimpleFormDemoSteps.user_verifys_two_input_field_total_message_is_equal_to(java.lang.String)
[SeleniumEasy][03:20:09][INFO][HooksUtils:quitApp]Running after hooks to close browser
]]></system-out>
  </testcase>
  <testcase name="tearDownClass" classname="tests.FrameworkTestRunner" time="22.412">
    <failure message="javax.net.ssl.SSLHandshakeException: PKIX path building failed: sun.security.provider.certpath.SunCertPathBuilderException: unable to find valid certification path to requested target" type="java.lang.RuntimeException"><![CDATA[java.lang.RuntimeException: javax.net.ssl.SSLHandshakeException: PKIX path building failed: sun.security.provider.certpath.SunCertPathBuilderException: unable to find valid certification path to requested target
	at io.cucumber.core.plugin.MessageFormatter.writeMessage(MessageFormatter.java:32)
	at io.cucumber.core.eventbus.AbstractEventPublisher.send(AbstractEventPublisher.java:51)
	at io.cucumber.core.eventbus.AbstractEventBus.send(AbstractEventBus.java:12)
	at io.cucumber.core.runtime.SynchronizedEventBus.send(SynchronizedEventBus.java:47)
	at io.cucumber.core.runtime.CucumberExecutionContext.emitTestRunFinished(CucumberExecutionContext.java:125)
	at io.cucumber.core.runtime.CucumberExecutionContext.finishTestRun(CucumberExecutionContext.java:105)
	at io.cucumber.testng.TestNGCucumberRunner.finish(TestNGCucumberRunner.java:145)
	at io.cucumber.testng.AbstractTestNGCucumberTests.tearDownClass(AbstractTestNGCucumberTests.java:57)
	at java.base/jdk.internal.reflect.NativeMethodAccessorImpl.invoke0(Native Method)
	at java.base/jdk.internal.reflect.NativeMethodAccessorImpl.invoke(NativeMethodAccessorImpl.java:62)
	at java.base/jdk.internal.reflect.DelegatingMethodAccessorImpl.invoke(DelegatingMethodAccessorImpl.java:43)
	at java.base/java.lang.reflect.Method.invoke(Method.java:566)
	at org.testng.internal.invokers.MethodInvocationHelper.invokeMethod(MethodInvocationHelper.java:139)
	at org.testng.internal.invokers.MethodInvocationHelper.invokeMethodConsideringTimeout(MethodInvocationHelper.java:69)
	at org.testng.internal.invokers.ConfigInvoker.invokeConfigurationMethod(ConfigInvoker.java:390)
	at org.testng.internal.invokers.ConfigInvoker.invokeConfigurations(ConfigInvoker.java:325)
	at org.testng.internal.invokers.TestMethodWorker.invokeAfterClassConfigurations(TestMethodWorker.java:229)
	at org.testng.internal.invokers.TestMethodWorker.invokeAfterClassMethods(TestMethodWorker.java:215)
	at org.testng.internal.invokers.TestMethodWorker.run(TestMethodWorker.java:131)
	at java.base/java.util.ArrayList.forEach(ArrayList.java:1540)
	at org.testng.TestRunner.privateRun(TestRunner.java:848)
	at org.testng.TestRunner.run(TestRunner.java:621)
	at org.testng.SuiteRunner.runTest(SuiteRunner.java:443)
	at org.testng.SuiteRunner.runSequentially(SuiteRunner.java:437)
	at org.testng.SuiteRunner.privateRun(SuiteRunner.java:397)
	at org.testng.SuiteRunner.run(SuiteRunner.java:336)
	at org.testng.SuiteRunnerWorker.runSuite(SuiteRunnerWorker.java:52)
	at org.testng.SuiteRunnerWorker.run(SuiteRunnerWorker.java:95)
	at org.testng.TestNG.runSuitesSequentially(TestNG.java:1280)
	at org.testng.TestNG.runSuitesLocally(TestNG.java:1200)
	at org.testng.TestNG.runSuites(TestNG.java:1114)
	at org.testng.TestNG.run(TestNG.java:1082)
	at org.apache.maven.surefire.testng.TestNGExecutor.run(TestNGExecutor.java:308)
	at org.apache.maven.surefire.testng.TestNGXmlTestSuite.execute(TestNGXmlTestSuite.java:71)
	at org.apache.maven.surefire.testng.TestNGProvider.invoke(TestNGProvider.java:113)
	at org.apache.maven.surefire.booter.ForkedBooter.runSuitesInProcess(ForkedBooter.java:385)
	at org.apache.maven.surefire.booter.ForkedBooter.execute(ForkedBooter.java:162)
	at org.apache.maven.surefire.booter.ForkedBooter.run(ForkedBooter.java:507)
	at org.apache.maven.surefire.booter.ForkedBooter.main(ForkedBooter.java:495)
Caused by: javax.net.ssl.SSLHandshakeException: PKIX path building failed: sun.security.provider.certpath.SunCertPathBuilderException: unable to find valid certification path to requested target
	at java.base/jdk.internal.reflect.NativeConstructorAccessorImpl.newInstance0(Native Method)
	at java.base/jdk.internal.reflect.NativeConstructorAccessorImpl.newInstance(NativeConstructorAccessorImpl.java:62)
	at java.base/jdk.internal.reflect.DelegatingConstructorAccessorImpl.newInstance(DelegatingConstructorAccessorImpl.java:45)
	at java.base/java.lang.reflect.Constructor.newInstance(Constructor.java:490)
	at java.base/sun.net.www.protocol.http.HttpURLConnection$10.run(HttpURLConnection.java:1963)
	at java.base/sun.net.www.protocol.http.HttpURLConnection$10.run(HttpURLConnection.java:1958)
	at java.base/java.security.AccessController.doPrivileged(Native Method)
	at java.base/sun.net.www.protocol.http.HttpURLConnection.getChainedException(HttpURLConnection.java:1957)
	at java.base/sun.net.www.protocol.http.HttpURLConnection.getInputStream0(HttpURLConnection.java:1525)
	at java.base/sun.net.www.protocol.http.HttpURLConnection.getInputStream(HttpURLConnection.java:1509)
	at java.base/java.net.HttpURLConnection.getResponseCode(HttpURLConnection.java:527)
	at java.base/sun.net.www.protocol.https.HttpsURLConnectionImpl.getResponseCode(HttpsURLConnectionImpl.java:329)
	at io.cucumber.core.plugin.UrlOutputStream.getResponseBody(UrlOutputStream.java:125)
	at io.cucumber.core.plugin.UrlOutputStream.sendRequest(UrlOutputStream.java:87)
	at io.cucumber.core.plugin.UrlOutputStream.close(UrlOutputStream.java:65)
	at java.base/sun.nio.cs.StreamEncoder.implClose(StreamEncoder.java:341)
	at java.base/sun.nio.cs.StreamEncoder.close(StreamEncoder.java:161)
	at java.base/java.io.OutputStreamWriter.close(OutputStreamWriter.java:258)
	at io.cucumber.core.plugin.MessageFormatter.writeMessage(MessageFormatter.java:29)
	... 38 more
Caused by: javax.net.ssl.SSLHandshakeException: PKIX path building failed: sun.security.provider.certpath.SunCertPathBuilderException: unable to find valid certification path to requested target
	at java.base/sun.security.ssl.Alert.createSSLException(Alert.java:128)
	at java.base/sun.security.ssl.TransportContext.fatal(TransportContext.java:321)
	at java.base/sun.security.ssl.TransportContext.fatal(TransportContext.java:264)
	at java.base/sun.security.ssl.TransportContext.fatal(TransportContext.java:259)
	at java.base/sun.security.ssl.CertificateMessage$T13CertificateConsumer.checkServerCerts(CertificateMessage.java:1329)
	at java.base/sun.security.ssl.CertificateMessage$T13CertificateConsumer.onConsumeCertificate(CertificateMessage.java:1204)
	at java.base/sun.security.ssl.CertificateMessage$T13CertificateConsumer.consume(CertificateMessage.java:1151)
	at java.base/sun.security.ssl.SSLHandshake.consume(SSLHandshake.java:392)
	at java.base/sun.security.ssl.HandshakeContext.dispatch(HandshakeContext.java:444)
	at java.base/sun.security.ssl.HandshakeContext.dispatch(HandshakeContext.java:421)
	at java.base/sun.security.ssl.TransportContext.dispatch(TransportContext.java:178)
	at java.base/sun.security.ssl.SSLTransport.decode(SSLTransport.java:164)
	at java.base/sun.security.ssl.SSLSocketImpl.decode(SSLSocketImpl.java:1152)
	at java.base/sun.security.ssl.SSLSocketImpl.readHandshakeRecord(SSLSocketImpl.java:1063)
	at java.base/sun.security.ssl.SSLSocketImpl.startHandshake(SSLSocketImpl.java:402)
	at java.base/sun.net.www.protocol.https.HttpsClient.afterConnect(HttpsClient.java:567)
	at java.base/sun.net.www.protocol.https.AbstractDelegateHttpsURLConnection.connect(AbstractDelegateHttpsURLConnection.java:185)
	at java.base/sun.net.www.protocol.http.HttpURLConnection.getInputStream0(HttpURLConnection.java:1581)
	at java.base/sun.net.www.protocol.http.HttpURLConnection.getInputStream(HttpURLConnection.java:1509)
	at java.base/sun.net.www.protocol.http.HttpURLConnection.getHeaderFields(HttpURLConnection.java:3107)
	at java.base/sun.net.www.protocol.https.HttpsURLConnectionImpl.getHeaderFields(HttpsURLConnectionImpl.java:274)
	at io.cucumber.core.plugin.UrlOutputStream.getResponseBody(UrlOutputStream.java:124)
	... 44 more
Caused by: sun.security.validator.ValidatorException: PKIX path building failed: sun.security.provider.certpath.SunCertPathBuilderException: unable to find valid certification path to requested target
	at java.base/sun.security.validator.PKIXValidator.doBuild(PKIXValidator.java:385)
	at java.base/sun.security.validator.PKIXValidator.engineValidate(PKIXValidator.java:290)
	at java.base/sun.security.validator.Validator.validate(Validator.java:264)
	at java.base/sun.security.ssl.X509TrustManagerImpl.validate(X509TrustManagerImpl.java:321)
	at java.base/sun.security.ssl.X509TrustManagerImpl.checkTrusted(X509TrustManagerImpl.java:221)
	at java.base/sun.security.ssl.X509TrustManagerImpl.checkServerTrusted(X509TrustManagerImpl.java:129)
	at java.base/sun.security.ssl.CertificateMessage$T13CertificateConsumer.checkServerCerts(CertificateMessage.java:1313)
	... 61 more
Caused by: sun.security.provider.certpath.SunCertPathBuilderException: unable to find valid certification path to requested target
	at java.base/sun.security.provider.certpath.SunCertPathBuilder.build(SunCertPathBuilder.java:141)
	at java.base/sun.security.provider.certpath.SunCertPathBuilder.engineBuild(SunCertPathBuilder.java:126)
	at java.base/java.security.cert.CertPathBuilder.build(CertPathBuilder.java:297)
	at java.base/sun.security.validator.PKIXValidator.doBuild(PKIXValidator.java:380)
	... 67 more
]]></failure>
  </testcase>
</testsuite>