<?xml version="1.0" encoding="UTF-8"?>
<testng-results ignored="0" total="11" passed="11" failed="0" skipped="0">
  <reporter-output>
  </reporter-output>
  <suite started-at="2024-02-07T11:34:14 IST" name="Default suite" finished-at="2024-02-07T11:35:06 IST" duration-ms="52155">
    <groups>
      <group name="cucumber">
        <method signature="AbstractTestNGCucumberTests.runScenario(io.cucumber.testng.PickleWrapper,io.cucumber.testng.FeatureWrapper)[pri:0, instance:tests.FrameworkTestRunner@7b02881e]" name="runScenario" class="io.cucumber.testng.AbstractTestNGCucumberTests"/>
      </group> <!-- cucumber -->
    </groups>
    <test started-at="2024-02-07T11:34:14 IST" name="Default test" finished-at="2024-02-07T11:35:06 IST" duration-ms="52155">
      <class name="tests.FrameworkTestRunner">
        <test-method is-config="true" signature="setUpClass(org.testng.ITestContext)[pri:0, instance:tests.FrameworkTestRunner@7b02881e]" started-at="2024-02-07T11:34:14 IST" name="setUpClass" finished-at="2024-02-07T11:34:15 IST" duration-ms="945" status="PASS">
          <params>
            <param index="0">
              <value>
                <![CDATA[org.testng.TestRunner@72ee5d84]]>
              </value>
            </param>
          </params>
          <reporter-output>
          </reporter-output>
        </test-method> <!-- setUpClass -->
        <test-method signature="runScenario(io.cucumber.testng.PickleWrapper,io.cucumber.testng.FeatureWrapper)[pri:0, instance:tests.FrameworkTestRunner@7b02881e]" started-at="2024-02-07T11:34:15 IST" name="runScenario" description="Runs Cucumber Scenarios" data-provider="scenarios" finished-at="2024-02-07T11:35:06 IST" duration-ms="50746" status="PASS">
          <params>
            <param index="0">
              <value>
                <![CDATA["Verify selenium easy input form submitPage features property file"]]>
              </value>
            </param>
            <param index="1">
              <value>
                <![CDATA["Verify selenium easy InputFormSubmitPage features"]]>
              </value>
            </param>
          </params>
          <reporter-output>
          </reporter-output>
        </test-method> <!-- runScenario -->
        <test-method signature="runScenario(io.cucumber.testng.PickleWrapper,io.cucumber.testng.FeatureWrapper)[pri:0, instance:tests.FrameworkTestRunner@7b02881e]" started-at="2024-02-07T11:34:15 IST" name="runScenario" description="Runs Cucumber Scenarios" data-provider="scenarios" finished-at="2024-02-07T11:34:38 IST" duration-ms="22617" status="PASS">
          <params>
            <param index="0">
              <value>
                <![CDATA["Verify single input fild in selenium easy simple form demo page features"]]>
              </value>
            </param>
            <param index="1">
              <value>
                <![CDATA["Verify selenium easy simple form demo page features"]]>
              </value>
            </param>
          </params>
          <reporter-output>
          </reporter-output>
        </test-method> <!-- runScenario -->
        <test-method signature="runScenario(io.cucumber.testng.PickleWrapper,io.cucumber.testng.FeatureWrapper)[pri:0, instance:tests.FrameworkTestRunner@7b02881e]" started-at="2024-02-07T11:34:15 IST" name="runScenario" description="Runs Cucumber Scenarios" data-provider="scenarios" finished-at="2024-02-07T11:34:53 IST" duration-ms="37987" status="PASS">
          <params>
            <param index="0">
              <value>
                <![CDATA["Verify radio buttons demo in selenium easy radio buttons page features"]]>
              </value>
            </param>
            <param index="1">
              <value>
                <![CDATA["Verify selenium easy radio buttons page features"]]>
              </value>
            </param>
          </params>
          <reporter-output>
          </reporter-output>
        </test-method> <!-- runScenario -->
        <test-method signature="runScenario(io.cucumber.testng.PickleWrapper,io.cucumber.testng.FeatureWrapper)[pri:0, instance:tests.FrameworkTestRunner@7b02881e]" started-at="2024-02-07T11:34:15 IST" name="runScenario" description="Runs Cucumber Scenarios" data-provider="scenarios" finished-at="2024-02-07T11:34:51 IST" duration-ms="36061" status="PASS">
          <params>
            <param index="0">
              <value>
                <![CDATA["Verify two input fild in selenium easy simple form demo page features"]]>
              </value>
            </param>
            <param index="1">
              <value>
                <![CDATA["Verify selenium easy simple form demo page features"]]>
              </value>
            </param>
          </params>
          <reporter-output>
          </reporter-output>
        </test-method> <!-- runScenario -->
        <test-method signature="runScenario(io.cucumber.testng.PickleWrapper,io.cucumber.testng.FeatureWrapper)[pri:0, instance:tests.FrameworkTestRunner@7b02881e]" started-at="2024-02-07T11:34:15 IST" name="runScenario" description="Runs Cucumber Scenarios" data-provider="scenarios" finished-at="2024-02-07T11:34:41 IST" duration-ms="25788" status="PASS">
          <params>
            <param index="0">
              <value>
                <![CDATA["Verify group radio buttons demo in selenium easy radio buttons page features"]]>
              </value>
            </param>
            <param index="1">
              <value>
                <![CDATA["Verify selenium easy radio buttons page features"]]>
              </value>
            </param>
          </params>
          <reporter-output>
          </reporter-output>
        </test-method> <!-- runScenario -->
        <test-method signature="runScenario(io.cucumber.testng.PickleWrapper,io.cucumber.testng.FeatureWrapper)[pri:0, instance:tests.FrameworkTestRunner@7b02881e]" started-at="2024-02-07T11:34:15 IST" name="runScenario" description="Runs Cucumber Scenarios" data-provider="scenarios" finished-at="2024-02-07T11:34:55 IST" duration-ms="39686" status="PASS">
          <params>
            <param index="0">
              <value>
                <![CDATA["Verify selenium easy range slider page features"]]>
              </value>
            </param>
            <param index="1">
              <value>
                <![CDATA["Verify selenium easy range slider page features"]]>
              </value>
            </param>
          </params>
          <reporter-output>
          </reporter-output>
        </test-method> <!-- runScenario -->
        <test-method signature="runScenario(io.cucumber.testng.PickleWrapper,io.cucumber.testng.FeatureWrapper)[pri:0, instance:tests.FrameworkTestRunner@7b02881e]" started-at="2024-02-07T11:34:15 IST" name="runScenario" description="Runs Cucumber Scenarios" data-provider="scenarios" finished-at="2024-02-07T11:34:38 IST" duration-ms="23095" status="PASS">
          <params>
            <param index="0">
              <value>
                <![CDATA["Verify group radio buttons demo in selenium easy radio buttons page features"]]>
              </value>
            </param>
            <param index="1">
              <value>
                <![CDATA["Verify selenium easy radio buttons page features"]]>
              </value>
            </param>
          </params>
          <reporter-output>
          </reporter-output>
        </test-method> <!-- runScenario -->
        <test-method signature="runScenario(io.cucumber.testng.PickleWrapper,io.cucumber.testng.FeatureWrapper)[pri:0, instance:tests.FrameworkTestRunner@7b02881e]" started-at="2024-02-07T11:34:15 IST" name="runScenario" description="Runs Cucumber Scenarios" data-provider="scenarios" finished-at="2024-02-07T11:35:05 IST" duration-ms="50169" status="PASS">
          <params>
            <param index="0">
              <value>
                <![CDATA["Verify selenium easy input form submit page features CSV file"]]>
              </value>
            </param>
            <param index="1">
              <value>
                <![CDATA["Verify selenium easy InputFormSubmitPage features"]]>
              </value>
            </param>
          </params>
          <reporter-output>
          </reporter-output>
        </test-method> <!-- runScenario -->
        <test-method signature="runScenario(io.cucumber.testng.PickleWrapper,io.cucumber.testng.FeatureWrapper)[pri:0, instance:tests.FrameworkTestRunner@7b02881e]" started-at="2024-02-07T11:34:15 IST" name="runScenario" description="Runs Cucumber Scenarios" data-provider="scenarios" finished-at="2024-02-07T11:34:55 IST" duration-ms="39786" status="PASS">
          <params>
            <param index="0">
              <value>
                <![CDATA["Verify error message in selenium easy input form submit page features cucumber data table"]]>
              </value>
            </param>
            <param index="1">
              <value>
                <![CDATA["Verify selenium easy InputFormSubmitPage features"]]>
              </value>
            </param>
          </params>
          <reporter-output>
          </reporter-output>
        </test-method> <!-- runScenario -->
        <test-method signature="runScenario(io.cucumber.testng.PickleWrapper,io.cucumber.testng.FeatureWrapper)[pri:0, instance:tests.FrameworkTestRunner@7b02881e]" started-at="2024-02-07T11:34:15 IST" name="runScenario" description="Runs Cucumber Scenarios" data-provider="scenarios" finished-at="2024-02-07T11:35:05 IST" duration-ms="49225" status="PASS">
          <params>
            <param index="0">
              <value>
                <![CDATA["Verify selenium easy input form submit page features cucumber data table"]]>
              </value>
            </param>
            <param index="1">
              <value>
                <![CDATA["Verify selenium easy InputFormSubmitPage features"]]>
              </value>
            </param>
          </params>
          <reporter-output>
          </reporter-output>
        </test-method> <!-- runScenario -->
        <test-method signature="runScenario(io.cucumber.testng.PickleWrapper,io.cucumber.testng.FeatureWrapper)[pri:0, instance:tests.FrameworkTestRunner@7b02881e]" started-at="2024-02-07T11:34:38 IST" name="runScenario" description="Runs Cucumber Scenarios" data-provider="scenarios" finished-at="2024-02-07T11:34:53 IST" duration-ms="14920" status="PASS">
          <params>
            <param index="0">
              <value>
                <![CDATA["Verify two input fild in selenium easy simple form demo page features"]]>
              </value>
            </param>
            <param index="1">
              <value>
                <![CDATA["Verify selenium easy simple form demo page features"]]>
              </value>
            </param>
          </params>
          <reporter-output>
          </reporter-output>
        </test-method> <!-- runScenario -->
        <test-method is-config="true" signature="tearDownClass()[pri:0, instance:tests.FrameworkTestRunner@7b02881e]" started-at="2024-02-07T11:35:06 IST" name="tearDownClass" finished-at="2024-02-07T11:35:06 IST" duration-ms="416" status="PASS">
          <reporter-output>
          </reporter-output>
        </test-method> <!-- tearDownClass -->
      </class> <!-- tests.FrameworkTestRunner -->
    </test> <!-- Default test -->
  </suite> <!-- Default suite -->
</testng-results>
